<?xml version="1.0" encoding="UTF-8"?>
<!-- Generated by org.testng.reporters.JUnitXMLReporter -->
<testsuite hostname="LAPTOP-9R980C5P" ignored="0" name="AddToCart" tests="14" failures="0" timestamp="2021-03-04T12:42:10 IST" time="16.8" errors="0">
  <testcase name="AddToCart" time="1.247" classname="com.java.foodybiee.addtocart.AddToCart_All_TestCases"/>
  <testcase name="GetAddedItemInCartList" time="1.241" classname="com.java.foodybiee.addtocart.AddToCart_All_TestCases"/>
  <testcase name="UpdateCart" time="1.188" classname="com.java.foodybiee.addtocart.AddToCart_All_TestCases"/>
  <testcase name="GetUpdatedCartList" time="1.191" classname="com.java.foodybiee.addtocart.AddToCart_All_TestCases"/>
  <testcase name="DeleteAllItemFromCart" time="1.2" classname="com.java.foodybiee.addtocart.AddToCart_All_TestCases"/>
  <testcase name="GetCartList" time="1.194" classname="com.java.foodybiee.addtocart.AddToCart_All_TestCases"/>
  <testcase name="AddToCartUnauthorized" time="1.161" classname="com.java.foodybiee.addtocart.AddToCart_Negative_TestCases"/>
  <testcase name="AddToCartBadRequest" time="1.222" classname="com.java.foodybiee.addtocart.AddToCart_Negative_TestCases"/>
  <testcase name="GetAddedItemInCartListUnauthorizeds" time="1.172" classname="com.java.foodybiee.addtocart.AddToCart_Negative_TestCases"/>
  <testcase name="GetAddedItemInCartListBadRequest" time="1.207" classname="com.java.foodybiee.addtocart.AddToCart_Negative_TestCases"/>
  <testcase name="GetAddedItemInCartListNotFound" time="1.191" classname="com.java.foodybiee.addtocart.AddToCart_Negative_TestCases"/>
  <testcase name="UpdateCartUnauthorized" time="1.18" classname="com.java.foodybiee.addtocart.AddToCart_Negative_TestCases"/>
  <testcase name="UpdateCartBadRequest" time="1.189" classname="com.java.foodybiee.addtocart.AddToCart_Negative_TestCases"/>
  <testcase name="DeleteAllItemFromCartUnauthorized" time="1.173" classname="com.java.foodybiee.addtocart.AddToCart_Negative_TestCases"/>
</testsuite> <!-- AddToCart -->
