<?xml version="1.0" encoding="UTF-8"?>
<!-- Generated by org.testng.reporters.JUnitXMLReporter -->
<testsuite hostname="LAPTOP-9R980C5P" ignored="0" name="chefprofilemobile" tests="5" failures="0" timestamp="2021-03-04T12:42:45 IST" time="8.8" errors="0">
  <testcase name="AddRatingsAndCommentForDish" time="1.247" classname="com.java.foodybiee.chefprofilemobile.ChefProfileMobile"/>
  <testcase name="GetChefProfileMobileList" time="1.215" classname="com.java.foodybiee.chefprofilemobile.ChefProfileMobile"/>
  <testcase name="GetDishRatingAverage" time="1.206" classname="com.java.foodybiee.chefprofilemobile.ChefProfileMobile"/>
  <testcase name="GetChefRatingsAndReviews" time="1.194" classname="com.java.foodybiee.chefprofilemobile.ChefProfileMobile"/>
  <testcase name="mongodb" time="3.919" classname="com.java.foodybiee.chefprofilemobile.ChefProfileMobile"/>
</testsuite> <!-- chefprofilemobile -->
