<?xml version="1.0" encoding="UTF-8"?>
<!-- Generated by org.testng.reporters.JUnitXMLReporter -->
<testsuite hostname="LAPTOP-9R980C5P" ignored="0" name="Consumer" tests="39" failures="0" timestamp="2021-03-04T12:41:32 IST" time="52.895" errors="0">
  <testcase name="AddDeliveryAddress" time="4.217" classname="com.java.foodybiee.consumer.Consumer_All_TestCases"/>
  <testcase name="GetAvailableAddress" time="1.299" classname="com.java.foodybiee.consumer.Consumer_All_TestCases"/>
  <testcase name="UpdateAvailableAddress" time="1.257" classname="com.java.foodybiee.consumer.Consumer_All_TestCases"/>
  <testcase name="GetUpdateAvailableAddress" time="1.228" classname="com.java.foodybiee.consumer.Consumer_All_TestCases"/>
  <testcase name="DeleteDeliveryAddress" time="1.262" classname="com.java.foodybiee.consumer.Consumer_All_TestCases"/>
  <testcase name="GetDeletedAvailableAddress" time="1.243" classname="com.java.foodybiee.consumer.Consumer_All_TestCases"/>
  <testcase name="OrderHistory" time="1.281" classname="com.java.foodybiee.consumer.Consumer_All_TestCases"/>
  <testcase name="GetOrders" time="1.616" classname="com.java.foodybiee.consumer.Consumer_All_TestCases"/>
  <testcase name="GetOrderConfirmAndPay" time="1.225" classname="com.java.foodybiee.consumer.Consumer_All_TestCases"/>
  <testcase name="GetOrderNo" time="1.246" classname="com.java.foodybiee.consumer.Consumer_All_TestCases"/>
  <testcase name="GetDeliveryCharges" time="1.318" classname="com.java.foodybiee.consumer.Consumer_All_TestCases"/>
  <testcase name="GetNotificationCount" time="1.209" classname="com.java.foodybiee.consumer.Consumer_All_TestCases"/>
  <testcase name="AddDeliveryAddressUnauthorized" time="1.192" classname="com.java.foodybiee.consumer.Consumer_All_Negative_TestCases"/>
  <testcase name="AddDeliveryAddressBadRequest" time="1.188" classname="com.java.foodybiee.consumer.Consumer_All_Negative_TestCases"/>
  <testcase name="GetAvailableAddressNotFound" time="1.221" classname="com.java.foodybiee.consumer.Consumer_All_Negative_TestCases"/>
  <testcase name="GetAvailableAddressBadRequest" time="1.233" classname="com.java.foodybiee.consumer.Consumer_All_Negative_TestCases"/>
  <testcase name="GetAvailableAddressUnauthorized" time="1.175" classname="com.java.foodybiee.consumer.Consumer_All_Negative_TestCases"/>
  <testcase name="UpdateAvailableAddressUnauthorized" time="1.211" classname="com.java.foodybiee.consumer.Consumer_All_Negative_TestCases"/>
  <testcase name="UpdateAvailableAddressNotFound" time="1.233" classname="com.java.foodybiee.consumer.Consumer_All_Negative_TestCases"/>
  <testcase name="UpdateAvailableAddressBadRequest" time="1.191" classname="com.java.foodybiee.consumer.Consumer_All_Negative_TestCases"/>
  <testcase name="DeleteDeliveryAddressUnauthorized" time="1.214" classname="com.java.foodybiee.consumer.Consumer_All_Negative_TestCases"/>
  <testcase name="DeleteDeliveryAddressNotFound" time="1.236" classname="com.java.foodybiee.consumer.Consumer_All_Negative_TestCases"/>
  <testcase name="OrderHistoryUnauthorized" time="1.455" classname="com.java.foodybiee.consumer.Consumer_All_Negative_TestCases"/>
  <testcase name="OrderHistoryBadRequest" time="2.375" classname="com.java.foodybiee.consumer.Consumer_All_Negative_TestCases"/>
  <testcase name="GetOrdersNotFound" time="1.205" classname="com.java.foodybiee.consumer.Consumer_All_Negative_TestCases"/>
  <testcase name="GetOrdersBadRequest" time="1.191" classname="com.java.foodybiee.consumer.Consumer_All_Negative_TestCases"/>
  <testcase name="GetOrdersUnauthorized" time="1.405" classname="com.java.foodybiee.consumer.Consumer_All_Negative_TestCases"/>
  <testcase name="GetOrderConfirmAndPayNotFound" time="1.226" classname="com.java.foodybiee.consumer.Consumer_All_Negative_TestCases"/>
  <testcase name="GetOrderConfirmAndPayBadRequest" time="1.182" classname="com.java.foodybiee.consumer.Consumer_All_Negative_TestCases"/>
  <testcase name="GetOrderConfirmAndPayUnauthorized" time="1.226" classname="com.java.foodybiee.consumer.Consumer_All_Negative_TestCases"/>
  <testcase name="GetOrderNoNotFound" time="1.183" classname="com.java.foodybiee.consumer.Consumer_All_Negative_TestCases"/>
  <testcase name="GetOrderNoBadRequest" time="1.183" classname="com.java.foodybiee.consumer.Consumer_All_Negative_TestCases"/>
  <testcase name="GetOrderNoUnauthorized" time="1.204" classname="com.java.foodybiee.consumer.Consumer_All_Negative_TestCases"/>
  <testcase name="GetDeliveryChargesNotFound" time="1.22" classname="com.java.foodybiee.consumer.Consumer_All_Negative_TestCases"/>
  <testcase name="GetDeliveryChargesBadRequest" time="1.24" classname="com.java.foodybiee.consumer.Consumer_All_Negative_TestCases"/>
  <testcase name="GetDeliveryChargesUnauthorized" time="1.181" classname="com.java.foodybiee.consumer.Consumer_All_Negative_TestCases"/>
  <testcase name="GetNotificationCountNotFound" time="1.186" classname="com.java.foodybiee.consumer.Consumer_All_Negative_TestCases"/>
  <testcase name="GetNotificationCountBadRequest" time="1.194" classname="com.java.foodybiee.consumer.Consumer_All_Negative_TestCases"/>
  <testcase name="GetNotificationCountUnauthorized" time="1.163" classname="com.java.foodybiee.consumer.Consumer_All_Negative_TestCases"/>
</testsuite> <!-- Consumer -->
