<?xml version="1.0" encoding="UTF-8"?>
<!-- Generated by org.testng.reporters.JUnitXMLReporter -->
<testsuite hostname="LAPTOP-9R980C5P" ignored="0" name="Country" tests="10" failures="0" timestamp="2021-03-04T12:41:44 IST" time="12.09" errors="0">
  <testcase name="GetCountry" time="1.184" classname="com.java.foodybiee.country.Country_All_Testcases"/>
  <testcase name="GetCityByState" time="1.205" classname="com.java.foodybiee.country.Country_All_Testcases"/>
  <testcase name="GetStates" time="1.183" classname="com.java.foodybiee.country.Country_All_Testcases"/>
  <testcase name="GetCountryUnauthorized" time="1.184" classname="com.java.foodybiee.country.Country_Negative_Testcases"/>
  <testcase name="GetStatesUnauthorized" time="1.219" classname="com.java.foodybiee.country.Country_Negative_Testcases"/>
  <testcase name="GetStatesNotFound" time="1.183" classname="com.java.foodybiee.country.Country_Negative_Testcases"/>
  <testcase name="GetStatesBadRequest" time="1.196" classname="com.java.foodybiee.country.Country_Negative_Testcases"/>
  <testcase name="GetCityByStateUnauthorized" time="1.199" classname="com.java.foodybiee.country.Country_Negative_Testcases"/>
  <testcase name="GetCityByStateNotFound" time="1.308" classname="com.java.foodybiee.country.Country_Negative_Testcases"/>
  <testcase name="GetCityByStateBadRequest" time="1.186" classname="com.java.foodybiee.country.Country_Negative_Testcases"/>
</testsuite> <!-- Country -->
