<?xml version="1.0" encoding="UTF-8"?>
<!-- Generated by org.testng.reporters.JUnitXMLReporter -->
<testsuite hostname="LAPTOP-9R980C5P" ignored="0" name="Dashboard" tests="8" failures="0" timestamp="2021-03-04T12:41:54 IST" time="9.567" errors="0">
  <testcase name="GetDashboardList" time="1.211" classname="com.java.foodybiee.dashboard.Dashboard_All_TestCase"/>
  <testcase name="GetDashboarMobileSearch" time="1.186" classname="com.java.foodybiee.dashboard.Dashboard_All_TestCase"/>
  <testcase name="GetDashboarGlobalSearchChef" time="1.186" classname="com.java.foodybiee.dashboard.Dashboard_All_TestCase"/>
  <testcase name="GetDashboarSearchChefMobile" time="1.193" classname="com.java.foodybiee.dashboard.Dashboard_All_TestCase"/>
  <testcase name="GetDashboardListUnauthorized" time="1.198" classname="com.java.foodybiee.dashboard.Dashboard_All_Negative_TestCases"/>
  <testcase name="GetDashboarMobileSearchUnauthorized" time="1.167" classname="com.java.foodybiee.dashboard.Dashboard_All_Negative_TestCases"/>
  <testcase name="GetDashboarGlobalSearchChefUnauthorized" time="1.193" classname="com.java.foodybiee.dashboard.Dashboard_All_Negative_TestCases"/>
  <testcase name="GetDashboarSearchChefMobileUnauthorized" time="1.205" classname="com.java.foodybiee.dashboard.Dashboard_All_Negative_TestCases"/>
</testsuite> <!-- Dashboard -->
