<?xml version="1.0" encoding="UTF-8"?>
<!-- Generated by org.testng.reporters.JUnitXMLReporter -->
<testsuite hostname="LAPTOP-9R980C5P" ignored="0" name="dish" tests="9" failures="0" timestamp="2021-03-04T12:42:59 IST" time="10.889" errors="0">
  <testcase name="GetChefMenu" time="1.195" classname="com.java.foodybiee.dish.Dish_All_Get_TestCases"/>
  <testcase name="GetChefMenuForToday" time="1.176" classname="com.java.foodybiee.dish.Dish_All_Get_TestCases"/>
  <testcase name="GetChefPopularMenu" time="1.205" classname="com.java.foodybiee.dish.Dish_All_Get_TestCases"/>
  <testcase name="GetDishById" time="1.203" classname="com.java.foodybiee.dish.Dish_All_Get_TestCases"/>
  <testcase name="GetDishById1" time="1.289" classname="com.java.foodybiee.dish.Dish_All_Get_TestCases"/>
  <testcase name="GetListOfValues" time="1.202" classname="com.java.foodybiee.dish.Dish_All_Get_TestCases"/>
  <testcase name="GetFullDishById" time="1.195" classname="com.java.foodybiee.dish.Dish_All_Get_TestCases"/>
  <testcase name="GetDishCategories" time="1.182" classname="com.java.foodybiee.dish.Dish_All_Get_TestCases"/>
  <testcase name="GetMostOrderedAndTopRatedDish" time="1.205" classname="com.java.foodybiee.dish.Dish_All_Get_TestCases"/>
</testsuite> <!-- dish -->
