<?xml version="1.0" encoding="UTF-8"?>
<!-- Generated by org.testng.reporters.JUnitXMLReporter -->
<testsuite hostname="LAPTOP-9R980C5P" ignored="0" name="franchise" tests="9" failures="0" timestamp="2021-03-04T12:42:21 IST" time="10.952" errors="0">
  <testcase name="GetFranchiseDetailsById" time="1.195" classname="com.java.foodybiee.franchisee.FranchiseDetails"/>
  <testcase name="GetAllFranchiseDetails" time="1.297" classname="com.java.foodybiee.franchisee.FranchiseDetails"/>
  <testcase name="GetFranchiseById" time="1.197" classname="com.java.foodybiee.franchisee.Franchisee_All_TestCases"/>
  <testcase name="GetPricingModel" time="1.261" classname="com.java.foodybiee.franchisee.Franchisee_All_TestCases"/>
  <testcase name="GetPricingModelById" time="1.179" classname="com.java.foodybiee.franchisee.Franchisee_All_TestCases"/>
  <testcase name="GetTopProspectFranchiseList" time="1.195" classname="com.java.foodybiee.franchisee.Franchisee_All_TestCases"/>
  <testcase name="GetKnowMore" time="1.167" classname="com.java.foodybiee.franchisee.Franchisee_All_TestCases"/>
  <testcase name="GetFranchiseByEmail" time="1.188" classname="com.java.foodybiee.franchisee.Franchisee_All_TestCases"/>
  <testcase name="GetFranchiseesMapped" time="1.211" classname="com.java.foodybiee.franchisee.FranchiseMapping"/>
</testsuite> <!-- franchise -->
