<?xml version="1.0" encoding="UTF-8"?>
<!-- Generated by org.testng.reporters.JUnitXMLReporter -->
<testsuite hostname="LAPTOP-9R980C5P" ignored="0" name="leftmenu" tests="3" failures="0" timestamp="2021-03-04T12:42:28 IST" time="3.607" errors="0">
  <testcase name="GetLeftMenu" time="1.187" classname="com.java.foodybiee.leftmenu.LeftMenu_All_TestCases"/>
  <testcase name="GetChefSideMenu" time="1.212" classname="com.java.foodybiee.leftmenu.LeftMenu_All_TestCases"/>
  <testcase name="GetConsumer" time="1.194" classname="com.java.foodybiee.leftmenu.LeftMenu_All_TestCases"/>
</testsuite> <!-- leftmenu -->
