<?xml version="1.0" encoding="UTF-8"?>
<!-- Generated by org.testng.reporters.JUnitXMLReporter -->
<testsuite hostname="LAPTOP-9R980C5P" ignored="0" name="notification" tests="13" failures="0" timestamp="2021-03-04T12:43:55 IST" time="15.527" errors="0">
  <testcase name="AddNotification" time="1.213" classname="com.java.foodybiee.notifications.Notification_All_TestCases"/>
  <testcase name="GetNotificationById" time="1.186" classname="com.java.foodybiee.notifications.Notification_All_TestCases"/>
  <testcase name="UpdateNotification" time="1.206" classname="com.java.foodybiee.notifications.Notification_All_TestCases"/>
  <testcase name="GetUpdatedNotificationById1" time="1.165" classname="com.java.foodybiee.notifications.Notification_All_TestCases"/>
  <testcase name="DeleteNotificationById" time="1.213" classname="com.java.foodybiee.notifications.Notification_All_TestCases"/>
  <testcase name="GetDeletedNotificationById1" time="1.181" classname="com.java.foodybiee.notifications.Notification_All_TestCases"/>
  <testcase name="GetNotificationRole" time="1.184" classname="com.java.foodybiee.notifications.Notification_All_TestCases"/>
  <testcase name="GetNotificationByName" time="1.278" classname="com.java.foodybiee.notifications.Notification_All_TestCases"/>
  <testcase name="GetAllNotification" time="1.184" classname="com.java.foodybiee.notifications.Notification_All_TestCases"/>
  <testcase name="AddNotificationUnauthorized" time="1.184" classname="com.java.foodybiee.notifications.Notification_All_Negative_TestCases"/>
  <testcase name="GetNotificationByIdNotFound" time="1.174" classname="com.java.foodybiee.notifications.Notification_All_Negative_TestCases"/>
  <testcase name="GetNotificationByIdUnauthorized" time="1.163" classname="com.java.foodybiee.notifications.Notification_All_Negative_TestCases"/>
  <testcase name="GetNotificationRoleUnauthorized" time="1.182" classname="com.java.foodybiee.notifications.Notification_All_Negative_TestCases"/>
</testsuite> <!-- notification -->
