<?xml version="1.0" encoding="UTF-8"?>
<!-- Generated by org.testng.reporters.JUnitXMLReporter -->
<testsuite hostname="LAPTOP-9R980C5P" ignored="0" name="userinfo" tests="29" failures="0" timestamp="2021-03-04T12:43:39 IST" time="37.464" errors="0">
  <testcase name="AddUserInfo" time="1.384" classname="com.java.foodybiee.userinfo.UserInfo_All_TestCases"/>
  <testcase name="GetAddUserDetailsByUserId" time="1.201" classname="com.java.foodybiee.userinfo.UserInfo_All_TestCases"/>
  <testcase name="DeleteUserInfo" time="1.193" classname="com.java.foodybiee.userinfo.UserInfo_All_TestCases"/>
  <testcase name="GetUserPrivilegeStatus" time="1.179" classname="com.java.foodybiee.userinfo.UserInfo_All_TestCases"/>
  <testcase name="GetUserDetailsByEmail" time="1.23" classname="com.java.foodybiee.userinfo.UserInfo_All_TestCases"/>
  <testcase name="GetUserDetailsByUserId" time="1.189" classname="com.java.foodybiee.userinfo.UserInfo_All_TestCases"/>
  <testcase name="GetAllUserInfoByGivingRoleId" time="1.181" classname="com.java.foodybiee.userinfo.UserInfo_All_TestCases"/>
  <testcase name="GetUserRoleInfo" time="1.318" classname="com.java.foodybiee.userinfo.UserInfo_All_TestCases"/>
  <testcase name="GetAllUserInfo" time="1.303" classname="com.java.foodybiee.userinfo.UserInfo_All_TestCases"/>
  <testcase name="mongodb" time="3.434" classname="com.java.foodybiee.userinfo.UserInfo_All_TestCases"/>
  <testcase name="GetUserPrivilegeStatusUnauthorized" time="1.267" classname="com.java.foodybiee.userinfo.UserInfo_Negative_TestCases"/>
  <testcase name="GetUserPrivilegeStatusBadRequest" time="1.193" classname="com.java.foodybiee.userinfo.UserInfo_Negative_TestCases"/>
  <testcase name="GetUserPrivilegeStatusNotFound" time="1.173" classname="com.java.foodybiee.userinfo.UserInfo_Negative_TestCases"/>
  <testcase name="GetUserDetailsByEmailUnauthorized" time="1.202" classname="com.java.foodybiee.userinfo.UserInfo_Negative_TestCases"/>
  <testcase name="GetUserDetailsByEmailBadRequest" time="1.206" classname="com.java.foodybiee.userinfo.UserInfo_Negative_TestCases"/>
  <testcase name="GetUserDetailsByEmailNotFound" time="1.175" classname="com.java.foodybiee.userinfo.UserInfo_Negative_TestCases"/>
  <testcase name="GetUserDetailsByUserIdUnauthorized" time="1.157" classname="com.java.foodybiee.userinfo.UserInfo_Negative_TestCases"/>
  <testcase name="GetUserDetailsByUserIdBadRequest" time="1.2" classname="com.java.foodybiee.userinfo.UserInfo_Negative_TestCases"/>
  <testcase name="GetUserDetailsByUserIdNotFound" time="1.201" classname="com.java.foodybiee.userinfo.UserInfo_Negative_TestCases"/>
  <testcase name="GetAllUserInfoByGivingRoleIdUnauthorized" time="1.19" classname="com.java.foodybiee.userinfo.UserInfo_Negative_TestCases"/>
  <testcase name="GetAllUserInfoByGivingRoleIdBadRequest" time="1.18" classname="com.java.foodybiee.userinfo.UserInfo_Negative_TestCases"/>
  <testcase name="GetAllUserInfoByGivingRoleIdNotFound" time="1.202" classname="com.java.foodybiee.userinfo.UserInfo_Negative_TestCases"/>
  <testcase name="GetUserRoleInfoUnauthorized" time="1.185" classname="com.java.foodybiee.userinfo.UserInfo_Negative_TestCases"/>
  <testcase name="GetUserRoleInfoBadRequest" time="1.197" classname="com.java.foodybiee.userinfo.UserInfo_Negative_TestCases"/>
  <testcase name="GetUserRoleInfoNotFound" time="1.176" classname="com.java.foodybiee.userinfo.UserInfo_Negative_TestCases"/>
  <testcase name="GetAllUserInfoUnauthorized" time="1.188" classname="com.java.foodybiee.userinfo.UserInfo_Negative_TestCases"/>
  <testcase name="GetAllUserInfoBadRequest" time="1.306" classname="com.java.foodybiee.userinfo.UserInfo_Negative_TestCases"/>
  <testcase name="GetAllUserInfoNotFound" time="1.247" classname="com.java.foodybiee.userinfo.UserInfo_Negative_TestCases"/>
  <testcase name="AddUserInfoUnauthorized" time="1.169" classname="com.java.foodybiee.userinfo.UserInfo_Negative_TestCases"/>
</testsuite> <!-- userinfo -->
